======================================================================================================================
|                                          *** Optimization Report ***                                               |
| Warning: Compile with "-g" to get line number and variable name information                                        |
======================================================================================================================
| Kernel: dilation                                                                                         | Ln.Col  |
======================================================================================================================
| Loop for.cond.preheader                                                                                  |         |
|     Pipelined execution inferred.                                                                        |         |
======================================================================================================================


+--------------------------------------------------------------------+
; Estimated Resource Usage Summary                                   ;
+----------------------------------------+---------------------------+
; Resource                               + Usage                     ;
+----------------------------------------+---------------------------+
; Logic utilization                      ;   18%                     ;
; Dedicated logic registers              ;    8%                     ;
; Memory blocks                          ;   11%                     ;
; DSP blocks                             ;    0%                     ;
+----------------------------------------+---------------------------;
System name: Dilation

Placing kernel dilation at address 0x0
